
*** Running vivado
    with args -log basys3_top.vds -m64 -product Vivado -mode batch -messageDb vivado.pb -notrace -source basys3_top.tcl



****** Vivado v2025.2 (64-bit)
  **** SW Build 6299465 on Fri Nov 14 19:35:11 GMT 2025
  **** IP Build 6300035 on Fri Nov 14 10:48:45 MST 2025
  **** SharedData Build 6298862 on Thu Nov 13 04:50:51 MST 2025
  **** Start of session at: Thu Jul  2 14:24:01 2026
    ** Copyright 1986-2022 Xilinx, Inc. All Rights Reserved.
    ** Copyright 2022-2025 Advanced Micro Devices, Inc. All Rights Reserved.

source basys3_top.tcl -notrace
create_project: Time (s): cpu = 00:00:07 ; elapsed = 00:00:05 . Memory (MB): peak = 531.160 ; gain = 219.613
Command: read_checkpoint -auto_incremental -incremental {C:/Users/nishe/SreeProjects/Pipelined 16bit ALU/Pipelined 16bit ALU.srcs/utils_1/imports/synth_1/basys3_top.dcp}
INFO: [Vivado 12-5825] Read reference checkpoint from C:/Users/nishe/SreeProjects/Pipelined 16bit ALU/Pipelined 16bit ALU.srcs/utils_1/imports/synth_1/basys3_top.dcp for incremental synthesis
INFO: [Vivado 12-7989] Please ensure there are no constraint changes
Command: synth_design -top basys3_top -part xc7a35tcpg236-1
Starting synth_design
Attempting to get a license for feature 'Synthesis' and/or device 'xc7a35t'
INFO: [Common 17-349] Got license for feature 'Synthesis' and/or device 'xc7a35t'
INFO: [Device 21-403] Loading part xc7a35tcpg236-1
INFO: [Designutils 20-5440] No compile time benefit to using incremental synthesis; A full resynthesis will be run
INFO: [Designutils 20-4379] Flow is switching to default flow due to incremental criteria not met. If you would like to alter this behaviour and have the flow terminate instead, please set the following parameter config_implementation {autoIncr.Synth.RejectBehavior Terminate}
INFO: [Synth 8-7079] Multithreading enabled for synth_design using a maximum of 2 processes.
INFO: [Synth 8-7078] Launching helper process for spawning children vivado processes
INFO: [Synth 8-7075] Helper process launched with PID 2320
---------------------------------------------------------------------------------
Starting RTL Elaboration : Time (s): cpu = 00:00:05 ; elapsed = 00:00:06 . Memory (MB): peak = 1265.578 ; gain = 544.527
---------------------------------------------------------------------------------
INFO: [Synth 8-6157] synthesizing module 'basys3_top' [C:/Users/nishe/SreeProjects/Pipelined 16bit ALU/Pipelined 16bit ALU.srcs/sources_1/new/basys3_top.sv:1]
INFO: [Synth 8-6157] synthesizing module 'alu' [C:/Users/nishe/SreeProjects/Pipelined 16bit ALU/Pipelined 16bit ALU.srcs/sources_1/new/alu.sv:1]
INFO: [Synth 8-226] default block is never used [C:/Users/nishe/SreeProjects/Pipelined 16bit ALU/Pipelined 16bit ALU.srcs/sources_1/new/alu.sv:42]
INFO: [Synth 8-6155] done synthesizing module 'alu' (0#1) [C:/Users/nishe/SreeProjects/Pipelined 16bit ALU/Pipelined 16bit ALU.srcs/sources_1/new/alu.sv:1]
INFO: [Synth 8-6157] synthesizing module 'debouncer' [C:/Users/nishe/SreeProjects/Pipelined 16bit ALU/Pipelined 16bit ALU.srcs/sources_1/new/debouncer.sv:1]
INFO: [Synth 8-6155] done synthesizing module 'debouncer' (0#1) [C:/Users/nishe/SreeProjects/Pipelined 16bit ALU/Pipelined 16bit ALU.srcs/sources_1/new/debouncer.sv:1]
INFO: [Synth 8-6157] synthesizing module 'uart_fsm' [C:/Users/nishe/SreeProjects/Pipelined 16bit ALU/Pipelined 16bit ALU.srcs/sources_1/new/uart_fsm.sv:1]
INFO: [Synth 8-6155] done synthesizing module 'uart_fsm' (0#1) [C:/Users/nishe/SreeProjects/Pipelined 16bit ALU/Pipelined 16bit ALU.srcs/sources_1/new/uart_fsm.sv:1]
INFO: [Synth 8-6157] synthesizing module 'uart_tx' [C:/Users/nishe/SreeProjects/Pipelined 16bit ALU/Pipelined 16bit ALU.srcs/sources_1/new/uart_tx.sv:1]
INFO: [Synth 8-6155] done synthesizing module 'uart_tx' (0#1) [C:/Users/nishe/SreeProjects/Pipelined 16bit ALU/Pipelined 16bit ALU.srcs/sources_1/new/uart_tx.sv:1]
INFO: [Synth 8-6155] done synthesizing module 'basys3_top' (0#1) [C:/Users/nishe/SreeProjects/Pipelined 16bit ALU/Pipelined 16bit ALU.srcs/sources_1/new/basys3_top.sv:1]
WARNING: [Synth 8-7137] Register tx_data_reg in module uart_tx has both Set and reset with same priority. This may cause simulation mismatches. Consider rewriting code  [C:/Users/nishe/SreeProjects/Pipelined 16bit ALU/Pipelined 16bit ALU.srcs/sources_1/new/uart_tx.sv:38]
---------------------------------------------------------------------------------
Finished RTL Elaboration : Time (s): cpu = 00:00:07 ; elapsed = 00:00:07 . Memory (MB): peak = 1383.641 ; gain = 662.590
---------------------------------------------------------------------------------
---------------------------------------------------------------------------------
Start Handling Custom Attributes
---------------------------------------------------------------------------------
---------------------------------------------------------------------------------
Finished Handling Custom Attributes : Time (s): cpu = 00:00:07 ; elapsed = 00:00:07 . Memory (MB): peak = 1383.641 ; gain = 662.590
---------------------------------------------------------------------------------
---------------------------------------------------------------------------------
Finished RTL Optimization Phase 1 : Time (s): cpu = 00:00:07 ; elapsed = 00:00:07 . Memory (MB): peak = 1383.641 ; gain = 662.590
---------------------------------------------------------------------------------
Netlist sorting complete. Time (s): cpu = 00:00:00 ; elapsed = 00:00:00.005 . Memory (MB): peak = 1383.641 ; gain = 0.000
INFO: [Project 1-570] Preparing netlist for logic optimization

Processing XDC Constraints
Initializing timing engine
Parsing XDC File [C:/Users/nishe/SreeProjects/Pipelined 16bit ALU/Pipelined 16bit ALU.srcs/constrs_1/new/Basys3_Master.xdc]
Finished Parsing XDC File [C:/Users/nishe/SreeProjects/Pipelined 16bit ALU/Pipelined 16bit ALU.srcs/constrs_1/new/Basys3_Master.xdc]
INFO: [Project 1-236] Implementation specific constraints were found while reading constraint file [C:/Users/nishe/SreeProjects/Pipelined 16bit ALU/Pipelined 16bit ALU.srcs/constrs_1/new/Basys3_Master.xdc]. These constraints will be ignored for synthesis but will be used in implementation. Impacted constraints are listed in the file [.Xil/basys3_top_propImpl.xdc].
Resolution: To avoid this warning, move constraints listed in [.Xil/basys3_top_propImpl.xdc] to another XDC file and exclude this new file from synthesis with the used_in_synthesis property (File Properties dialog in GUI) and re-run elaboration/synthesis.
Completed Processing XDC Constraints

Netlist sorting complete. Time (s): cpu = 00:00:00 ; elapsed = 00:00:00 . Memory (MB): peak = 1457.496 ; gain = 0.000
INFO: [Project 1-111] Unisim Transformation Summary:
No Unisim elements were transformed.

Constraint Validation Runtime : Time (s): cpu = 00:00:00 ; elapsed = 00:00:00.004 . Memory (MB): peak = 1457.496 ; gain = 0.000
INFO: [Designutils 20-5440] No compile time benefit to using incremental synthesis; A full resynthesis will be run
INFO: [Designutils 20-4379] Flow is switching to default flow due to incremental criteria not met. If you would like to alter this behaviour and have the flow terminate instead, please set the following parameter config_implementation {autoIncr.Synth.RejectBehavior Terminate}
---------------------------------------------------------------------------------
Finished Constraint Validation : Time (s): cpu = 00:00:14 ; elapsed = 00:00:15 . Memory (MB): peak = 1457.496 ; gain = 736.445
---------------------------------------------------------------------------------
---------------------------------------------------------------------------------
Start Loading Part and Timing Information
---------------------------------------------------------------------------------
Loading part: xc7a35tcpg236-1
---------------------------------------------------------------------------------
Finished Loading Part and Timing Information : Time (s): cpu = 00:00:14 ; elapsed = 00:00:15 . Memory (MB): peak = 1457.496 ; gain = 736.445
---------------------------------------------------------------------------------
---------------------------------------------------------------------------------
Start Applying 'set_property' XDC Constraints
---------------------------------------------------------------------------------
---------------------------------------------------------------------------------
Finished applying 'set_property' XDC Constraints : Time (s): cpu = 00:00:14 ; elapsed = 00:00:15 . Memory (MB): peak = 1457.496 ; gain = 736.445
---------------------------------------------------------------------------------
INFO: [Synth 8-802] inferred FSM for state register 'state_reg' in module 'uart_fsm'
INFO: [Synth 8-802] inferred FSM for state register 'state_reg' in module 'uart_tx'
---------------------------------------------------------------------------------------------------
                   State |                     New Encoding |                Previous Encoding 
---------------------------------------------------------------------------------------------------
                   start |                              000 |                              000
                   first |                              001 |                              001
              first_wait |                              010 |                              010
                  second |                              011 |                              011
             second_wait |                              100 |                              100
                complete |                              101 |                              101
---------------------------------------------------------------------------------------------------
INFO: [Synth 8-3354] encoded FSM with state register 'state_reg' using encoding 'sequential' in module 'uart_fsm'
---------------------------------------------------------------------------------------------------
                   State |                     New Encoding |                Previous Encoding 
---------------------------------------------------------------------------------------------------
                    IDLE |                              000 |                              000
               START_BIT |                              001 |                              001
               DATA_BITS |                              010 |                              010
                STOP_BIT |                              011 |                              011
                 CLEANUP |                              100 |                              100
---------------------------------------------------------------------------------------------------
INFO: [Synth 8-3354] encoded FSM with state register 'state_reg' using encoding 'sequential' in module 'uart_tx'
---------------------------------------------------------------------------------
Finished RTL Optimization Phase 2 : Time (s): cpu = 00:00:14 ; elapsed = 00:00:15 . Memory (MB): peak = 1457.496 ; gain = 736.445
---------------------------------------------------------------------------------
---------------------------------------------------------------------------------
Start RTL Component Statistics 
---------------------------------------------------------------------------------
Detailed RTL Component Info : 
+---Adders : 
	   2 Input   16 Bit       Adders := 2     
	   3 Input   16 Bit       Adders := 1     
	   2 Input   14 Bit       Adders := 1     
	   2 Input    3 Bit       Adders := 1     
+---XORs : 
	   2 Input     16 Bit         XORs := 1     
+---Registers : 
	               16 Bit    Registers := 4     
	               14 Bit    Registers := 1     
	                8 Bit    Registers := 1     
	                4 Bit    Registers := 2     
	                3 Bit    Registers := 2     
	                1 Bit    Registers := 6     
+---Muxes : 
	   2 Input   16 Bit        Muxes := 2     
	   5 Input   14 Bit        Muxes := 1     
	   5 Input    8 Bit        Muxes := 1     
	   2 Input    4 Bit        Muxes := 1     
	   2 Input    3 Bit        Muxes := 8     
	   6 Input    3 Bit        Muxes := 1     
	   5 Input    3 Bit        Muxes := 2     
	   2 Input    1 Bit        Muxes := 2     
	   4 Input    1 Bit        Muxes := 1     
	   5 Input    1 Bit        Muxes := 8     
---------------------------------------------------------------------------------
Finished RTL Component Statistics 
---------------------------------------------------------------------------------
---------------------------------------------------------------------------------
Start Part Resource Summary
---------------------------------------------------------------------------------
Part Resources:
DSPs: 90 (col length:60)
BRAMs: 100 (col length: RAMB18 60 RAMB36 30)
---------------------------------------------------------------------------------
Finished Part Resource Summary
---------------------------------------------------------------------------------
---------------------------------------------------------------------------------
Start Cross Boundary and Area Optimization
---------------------------------------------------------------------------------
---------------------------------------------------------------------------------
Finished Cross Boundary and Area Optimization : Time (s): cpu = 00:00:16 ; elapsed = 00:00:18 . Memory (MB): peak = 1457.496 ; gain = 736.445
---------------------------------------------------------------------------------
---------------------------------------------------------------------------------
Start Applying XDC Timing Constraints
---------------------------------------------------------------------------------
---------------------------------------------------------------------------------
Finished Applying XDC Timing Constraints : Time (s): cpu = 00:00:21 ; elapsed = 00:00:23 . Memory (MB): peak = 1576.031 ; gain = 854.980
---------------------------------------------------------------------------------
---------------------------------------------------------------------------------
Start Timing Optimization
---------------------------------------------------------------------------------
---------------------------------------------------------------------------------
Finished Timing Optimization : Time (s): cpu = 00:00:21 ; elapsed = 00:00:23 . Memory (MB): peak = 1599.867 ; gain = 878.816
---------------------------------------------------------------------------------
---------------------------------------------------------------------------------
Start Technology Mapping
---------------------------------------------------------------------------------
---------------------------------------------------------------------------------
Finished Technology Mapping : Time (s): cpu = 00:00:22 ; elapsed = 00:00:23 . Memory (MB): peak = 1600.750 ; gain = 879.699
---------------------------------------------------------------------------------
---------------------------------------------------------------------------------
Start IO Insertion
---------------------------------------------------------------------------------
---------------------------------------------------------------------------------
Start Flattening Before IO Insertion
---------------------------------------------------------------------------------
---------------------------------------------------------------------------------
Finished Flattening Before IO Insertion
---------------------------------------------------------------------------------
---------------------------------------------------------------------------------
Start Final Netlist Cleanup
---------------------------------------------------------------------------------
---------------------------------------------------------------------------------
Finished Final Netlist Cleanup
---------------------------------------------------------------------------------
---------------------------------------------------------------------------------
Finished IO Insertion : Time (s): cpu = 00:00:26 ; elapsed = 00:00:28 . Memory (MB): peak = 1835.738 ; gain = 1114.688
---------------------------------------------------------------------------------
---------------------------------------------------------------------------------
Start Renaming Generated Instances
---------------------------------------------------------------------------------
---------------------------------------------------------------------------------
Finished Renaming Generated Instances : Time (s): cpu = 00:00:26 ; elapsed = 00:00:28 . Memory (MB): peak = 1835.738 ; gain = 1114.688
---------------------------------------------------------------------------------
---------------------------------------------------------------------------------
Start Rebuilding User Hierarchy
---------------------------------------------------------------------------------
---------------------------------------------------------------------------------
Finished Rebuilding User Hierarchy : Time (s): cpu = 00:00:26 ; elapsed = 00:00:28 . Memory (MB): peak = 1835.738 ; gain = 1114.688
---------------------------------------------------------------------------------
---------------------------------------------------------------------------------
Start Renaming Generated Ports
---------------------------------------------------------------------------------
---------------------------------------------------------------------------------
Finished Renaming Generated Ports : Time (s): cpu = 00:00:26 ; elapsed = 00:00:28 . Memory (MB): peak = 1835.738 ; gain = 1114.688
---------------------------------------------------------------------------------
---------------------------------------------------------------------------------
Start Handling Custom Attributes
---------------------------------------------------------------------------------
---------------------------------------------------------------------------------
Finished Handling Custom Attributes : Time (s): cpu = 00:00:26 ; elapsed = 00:00:28 . Memory (MB): peak = 1835.738 ; gain = 1114.688
---------------------------------------------------------------------------------
---------------------------------------------------------------------------------
Start Renaming Generated Nets
---------------------------------------------------------------------------------
---------------------------------------------------------------------------------
Finished Renaming Generated Nets : Time (s): cpu = 00:00:26 ; elapsed = 00:00:28 . Memory (MB): peak = 1835.738 ; gain = 1114.688
---------------------------------------------------------------------------------
---------------------------------------------------------------------------------
Start Writing Synthesis Report
---------------------------------------------------------------------------------

Report BlackBoxes: 
+-+--------------+----------+
| |BlackBox name |Instances |
+-+--------------+----------+
+-+--------------+----------+

Report Cell Usage: 
+------+-------+------+
|      |Cell   |Count |
+------+-------+------+
|1     |BUFG   |     1|
|2     |CARRY4 |    21|
|3     |LUT1   |     4|
|4     |LUT2   |    24|
|5     |LUT3   |    13|
|6     |LUT4   |    20|
|7     |LUT5   |    23|
|8     |LUT6   |    57|
|9     |MUXF7  |     2|
|10    |FDCE   |    74|
|11    |FDPE   |     2|
|12    |FDRE   |    32|
|13    |IBUF   |    22|
|14    |OBUF   |    17|
+------+-------+------+
---------------------------------------------------------------------------------
Finished Writing Synthesis Report : Time (s): cpu = 00:00:26 ; elapsed = 00:00:28 . Memory (MB): peak = 1835.738 ; gain = 1114.688
---------------------------------------------------------------------------------
Synthesis finished with 0 errors, 0 critical warnings and 0 warnings.
Synthesis Optimization Runtime : Time (s): cpu = 00:00:19 ; elapsed = 00:00:27 . Memory (MB): peak = 1835.738 ; gain = 1040.832
Synthesis Optimization Complete : Time (s): cpu = 00:00:27 ; elapsed = 00:00:28 . Memory (MB): peak = 1835.738 ; gain = 1114.688
INFO: [Project 1-571] Translating synthesized netlist
Netlist sorting complete. Time (s): cpu = 00:00:00 ; elapsed = 00:00:00.003 . Memory (MB): peak = 1840.461 ; gain = 0.000
INFO: [Netlist 29-17] Analyzing 23 Unisim elements for replacement
INFO: [Netlist 29-28] Unisim Transformation completed in 0 CPU seconds
INFO: [Project 1-570] Preparing netlist for logic optimization
INFO: [Opt 31-138] Pushed 0 inverter(s) to 0 load pin(s).
Netlist sorting complete. Time (s): cpu = 00:00:00 ; elapsed = 00:00:00 . Memory (MB): peak = 1843.637 ; gain = 0.000
INFO: [Project 1-111] Unisim Transformation Summary:
No Unisim elements were transformed.

Synth Design complete | Checksum: e659160c
INFO: [Common 17-83] Releasing license: Synthesis
36 Infos, 1 Warnings, 0 Critical Warnings and 0 Errors encountered.
synth_design completed successfully
synth_design: Time (s): cpu = 00:00:31 ; elapsed = 00:00:34 . Memory (MB): peak = 1843.637 ; gain = 1305.555
Write ShapeDB Complete: Time (s): cpu = 00:00:00 ; elapsed = 00:00:00.001 . Memory (MB): peak = 1843.637 ; gain = 0.000
INFO: [Common 17-1381] The checkpoint 'C:/Users/nishe/SreeProjects/Pipelined 16bit ALU/Pipelined 16bit ALU.runs/synth_1/basys3_top.dcp' has been generated.
INFO: [Vivado 12-24828] Executing command : report_utilization -file basys3_top_utilization_synth.rpt -pb basys3_top_utilization_synth.pb
INFO: [Common 17-206] Exiting Vivado at Thu Jul  2 14:24:42 2026...
