Copyright 1986-2022 Xilinx, Inc. All Rights Reserved. Copyright 2022-2025 Advanced Micro Devices, Inc. All Rights Reserved.
---------------------------------------------------------------------------------------------------------------------------------------------
| Tool Version : Vivado v.2025.2 (win64) Build 6299465 Fri Nov 14 19:35:11 GMT 2025
| Date         : Thu Jul  2 14:25:12 2026
| Host         : SreeLaptop running 64-bit major release  (build 9200)
| Command      : report_control_sets -verbose -file basys3_top_control_sets_placed.rpt
| Design       : basys3_top
| Device       : xc7a35t
---------------------------------------------------------------------------------------------------------------------------------------------

Control Set Information

Table of Contents
-----------------
1. Summary
2. Histogram
3. Flip-Flop Distribution
4. Detailed Control Set Information

1. Summary
----------

+----------------------------------------------------------+-------+
|                          Status                          | Count |
+----------------------------------------------------------+-------+
| Total control sets                                       |     5 |
|    Minimum number of control sets                        |     5 |
|    Addition due to synthesis replication                 |     0 |
|    Addition due to physical synthesis replication        |     0 |
| Unused register locations in slices containing registers |    12 |
+----------------------------------------------------------+-------+
* Control sets can be merged at opt_design using control_set_merge or merge_equivalent_drivers
** Run report_qor_suggestions for automated merging and remapping suggestions


2. Histogram
------------

+--------------------+-------+
|       Fanout       | Count |
+--------------------+-------+
| Total control sets |     5 |
| >= 0 to < 4        |     1 |
| >= 4 to < 6        |     0 |
| >= 6 to < 8        |     0 |
| >= 8 to < 10       |     1 |
| >= 10 to < 12      |     0 |
| >= 12 to < 14      |     0 |
| >= 14 to < 16      |     1 |
| >= 16              |     2 |
+--------------------+-------+
* Control sets can be remapped at either synth_design or opt_design


3. Flip-Flop Distribution
-------------------------

+--------------+-----------------------+------------------------+-----------------+--------------+
| Clock Enable | Synchronous Set/Reset | Asynchronous Set/Reset | Total Registers | Total Slices |
+--------------+-----------------------+------------------------+-----------------+--------------+
| No           | No                    | No                     |               3 |            1 |
| No           | No                    | Yes                    |              77 |           36 |
| No           | Yes                   | No                     |               0 |            0 |
| Yes          | No                    | No                     |               8 |            1 |
| Yes          | No                    | Yes                    |              15 |            5 |
| Yes          | Yes                   | No                     |              21 |            6 |
+--------------+-----------------------+------------------------+-----------------+--------------+


4. Detailed Control Set Information
-----------------------------------

+----------------+-----------------------------------+-----------------------------------+------------------+----------------+--------------+
|  Clock Signal  |           Enable Signal           |          Set/Reset Signal         | Slice Load Count | Bel Load Count | Bels / Slice |
+----------------+-----------------------------------+-----------------------------------+------------------+----------------+--------------+
|  clk_IBUF_BUFG |                                   |                                   |                1 |              3 |         3.00 |
|  clk_IBUF_BUFG | uart_main/tx_data[7]_i_1_n_0      |                                   |                1 |              8 |         8.00 |
|  clk_IBUF_BUFG | uart_main/state[2]                | btnC_IBUF                         |                5 |             15 |         3.00 |
|  clk_IBUF_BUFG | debouncer_main/counter[0]_i_2_n_0 | debouncer_main/counter[0]_i_1_n_0 |                6 |             21 |         3.50 |
|  clk_IBUF_BUFG |                                   | btnC_IBUF                         |               36 |             77 |         2.14 |
+----------------+-----------------------------------+-----------------------------------+------------------+----------------+--------------+


